05-06 16:58:08 com_github_MitjaNemec_PlaceFootprints.action_place_footprints 674:Plugin executed on: 'win32'
05-06 16:58:08 com_github_MitjaNemec_PlaceFootprints.action_place_footprints 675:Plugin executed with python version: '3.11.5 (main, Jan 27 2025, 07:08:36) [MSC v.1942 64 bit (AMD64)]'
05-06 16:58:08 com_github_MitjaNemec_PlaceFootprints.action_place_footprints 676:KiCad build version: 9.0.1
05-06 16:58:08 com_github_MitjaNemec_PlaceFootprints.action_place_footprints 677:Plugin version: 4.0.1
05-06 16:58:08 com_github_MitjaNemec_PlaceFootprints.action_place_footprints 678:Frame repr: <wx._core.Frame object at 0x00000223BDEB01F0>
05-06 16:58:08 com_github_MitjaNemec_PlaceFootprints.place_footprints 121:getting a list of all footprints on board
05-06 16:58:08 com_github_MitjaNemec_PlaceFootprints.place_footprints 156:Footprint W3 on root level
05-06 16:58:08 com_github_MitjaNemec_PlaceFootprints.place_footprints 156:Footprint W2 on root level
05-06 16:58:08 com_github_MitjaNemec_PlaceFootprints.place_footprints 156:Footprint W1 on root level
05-06 16:58:08 com_github_MitjaNemec_PlaceFootprints.place_footprints 156:Footprint U1 on root level
05-06 16:58:08 com_github_MitjaNemec_PlaceFootprints.place_footprints 156:Footprint R4 on root level
05-06 16:58:08 com_github_MitjaNemec_PlaceFootprints.place_footprints 156:Footprint R3 on root level
05-06 16:58:08 com_github_MitjaNemec_PlaceFootprints.place_footprints 156:Footprint R2 on root level
05-06 16:58:08 com_github_MitjaNemec_PlaceFootprints.place_footprints 156:Footprint R1 on root level
05-06 16:58:08 com_github_MitjaNemec_PlaceFootprints.place_footprints 156:Footprint L1 on root level
05-06 16:58:08 com_github_MitjaNemec_PlaceFootprints.place_footprints 156:Footprint J7 on root level
05-06 16:58:08 com_github_MitjaNemec_PlaceFootprints.place_footprints 156:Footprint F1 on root level
05-06 16:58:08 com_github_MitjaNemec_PlaceFootprints.place_footprints 156:Footprint D2 on root level
05-06 16:58:08 com_github_MitjaNemec_PlaceFootprints.place_footprints 156:Footprint D1 on root level
05-06 16:58:08 com_github_MitjaNemec_PlaceFootprints.place_footprints 156:Footprint C7 on root level
05-06 16:58:08 com_github_MitjaNemec_PlaceFootprints.place_footprints 156:Footprint C6 on root level
05-06 16:58:08 com_github_MitjaNemec_PlaceFootprints.place_footprints 156:Footprint C5 on root level
05-06 16:58:08 com_github_MitjaNemec_PlaceFootprints.place_footprints 156:Footprint C4 on root level
05-06 16:58:08 com_github_MitjaNemec_PlaceFootprints.action_place_footprints 717:Reference footprint='J5'
