04-15 19:03:14 com_github_MitjaNemec_ReplicateLayout.action_replicate_layout 278:Plugin executed on: 'win32'
04-15 19:03:14 com_github_MitjaNemec_ReplicateLayout.action_replicate_layout 279:Plugin executed with python version: '3.9.6 (default, Sep 27 2021, 21:15:11) [MSC v.1929 64 bit (AMD64)]'
04-15 19:03:14 com_github_MitjaNemec_ReplicateLayout.action_replicate_layout 280:KiCad build version: (6.0.1)
04-15 19:03:14 com_github_MitjaNemec_ReplicateLayout.action_replicate_layout 281:Plugin version: 1.1.0
04-15 19:03:14 com_github_MitjaNemec_ReplicateLayout.action_replicate_layout 282:Frame repr: <wx._core.Frame object at 0x0000019016065700>
04-15 19:03:14 com_github_MitjaNemec_ReplicateLayout.action_replicate_layout 301:Preparing replicator with J21 as a reference
04-15 19:03:14 com_github_MitjaNemec_ReplicateLayout.replicate_layout 98:getting a list of all footprints on board
04-15 19:03:14 com_github_MitjaNemec_ReplicateLayout.action_replicate_layout 329:source anchor footprint is 'J21'
Located on: ['Multiplexed Chargers', 'Charger 8']
With filenames: ['multiplexed_chargers.kicad_sch', 'Charger1.kicad_sch']
With sheet_id:['Multiplexed Chargers', 'Charger 8']
04-15 19:03:14 com_github_MitjaNemec_ReplicateLayout.action_replicate_layout 336:Corresponding footprints are 
[('J15', ['Multiplexed Chargers', 'Charger 6']), ('J21', ['Multiplexed Chargers', 'Charger 8']), ('J26', ['Multiplexed Chargers', 'Charger 5']), ('J3', ['Multiplexed Chargers', 'Charger 2']), ('J6', ['Multiplexed Chargers', 'Charger 3']), ('J12', ['Multiplexed Chargers', 'Charger 1']), ('J9', ['Multiplexed Chargers', 'Charger 4']), ('J18', ['Multiplexed Chargers', 'Charger 7'])]
04-15 19:03:14 com_github_MitjaNemec_ReplicateLayout.action_replicate_layout 348:Showing dialog
04-15 19:03:14 com_github_MitjaNemec_ReplicateLayout.action_replicate_layout 354:Toolbar position: wx.Point(2744, 130)
04-15 19:03:14 com_github_MitjaNemec_ReplicateLayout.action_replicate_layout 360:Dialog position: wx.Point(2380, 130)
04-15 19:03:18 com_github_MitjaNemec_ReplicateLayout.replicate_layout 329:constructing a list of sheets suitable for replication on level:'Charger 8', file:'Charger1.kicad_sch'
04-15 19:03:18 com_github_MitjaNemec_ReplicateLayout.replicate_layout 366:suitable sheets are:[['Multiplexed Chargers', 'Charger 1'], ['Multiplexed Chargers', 'Charger 2'], ['Multiplexed Chargers', 'Charger 3'], ['Multiplexed Chargers', 'Charger 4'], ['Multiplexed Chargers', 'Charger 5'], ['Multiplexed Chargers', 'Charger 6'], ['Multiplexed Chargers', 'Charger 7']]
04-15 19:04:11 com_github_MitjaNemec_ReplicateLayout.replicate_layout 329:constructing a list of sheets suitable for replication on level:'Charger 8', file:'Charger1.kicad_sch'
04-15 19:04:11 com_github_MitjaNemec_ReplicateLayout.replicate_layout 366:suitable sheets are:[['Multiplexed Chargers', 'Charger 1'], ['Multiplexed Chargers', 'Charger 2'], ['Multiplexed Chargers', 'Charger 3'], ['Multiplexed Chargers', 'Charger 4'], ['Multiplexed Chargers', 'Charger 5'], ['Multiplexed Chargers', 'Charger 6'], ['Multiplexed Chargers', 'Charger 7']]
04-15 19:04:11 com_github_MitjaNemec_ReplicateLayout.action_replicate_layout 128:Replicating layout
04-15 19:04:11 com_github_MitjaNemec_ReplicateLayout.replicate_layout 146:Starting replication of sheets: [['Multiplexed Chargers', 'Charger 1'], ['Multiplexed Chargers', 'Charger 2'], ['Multiplexed Chargers', 'Charger 3'], ['Multiplexed Chargers', 'Charger 4'], ['Multiplexed Chargers', 'Charger 5'], ['Multiplexed Chargers', 'Charger 6'], ['Multiplexed Chargers', 'Charger 7']]
on level: ['Multiplexed Chargers', 'Charger 8']
with tracks=True, zone=True, text=True, containing=True, remove=True, locked=False, by_group=True
04-15 19:04:11 root 218:updating GUI message: 'Preparing for replication'
04-15 19:04:11 root 223:updating GUI with: 0
04-15 19:04:11 com_github_MitjaNemec_ReplicateLayout.replicate_layout 215:Getting the list of source footprints
04-15 19:04:11 com_github_MitjaNemec_ReplicateLayout.replicate_layout 230:Getting the list of all the remaining footprints
04-15 19:04:11 com_github_MitjaNemec_ReplicateLayout.replicate_layout 235:Getting nets local to source footprints
04-15 19:04:11 com_github_MitjaNemec_ReplicateLayout.replicate_layout 238:Getting source bounding box
04-15 19:04:11 com_github_MitjaNemec_ReplicateLayout.replicate_layout 242:Getting source tracks
04-15 19:04:11 com_github_MitjaNemec_ReplicateLayout.replicate_layout 251:Getting source zones
04-15 19:04:11 com_github_MitjaNemec_ReplicateLayout.replicate_layout 260:Getting source text items
04-15 19:04:11 com_github_MitjaNemec_ReplicateLayout.replicate_layout 269:Getting source drawing items
04-15 19:04:11 root 223:updating GUI with: 87
04-15 19:04:11 com_github_MitjaNemec_ReplicateLayout.replicate_layout 177:Removing tracks and zones, before footprint placement
04-15 19:04:11 root 218:updating GUI message: 'Removing zones and tracks'
04-15 19:04:11 com_github_MitjaNemec_ReplicateLayout.replicate_layout 1046:Remove bounding box top:73050000, bottom:91395000, Left:75375000, Right:95850000
04-15 19:04:11 root 223:updating GUI with: 14
04-15 19:04:11 com_github_MitjaNemec_ReplicateLayout.replicate_layout 1046:Remove bounding box top:73050000, bottom:91295000, Left:105075000, Right:125850000
04-15 19:04:11 root 223:updating GUI with: 28
04-15 19:04:11 com_github_MitjaNemec_ReplicateLayout.replicate_layout 1046:Remove bounding box top:73050000, bottom:90995000, Left:135175000, Right:155850000
04-15 19:04:11 root 223:updating GUI with: 42
04-15 19:04:11 com_github_MitjaNemec_ReplicateLayout.replicate_layout 1046:Remove bounding box top:73050000, bottom:90895000, Left:165575000, Right:185850000
04-15 19:04:11 root 223:updating GUI with: 57
04-15 19:04:11 com_github_MitjaNemec_ReplicateLayout.replicate_layout 1046:Remove bounding box top:99050000, bottom:117295000, Left:150575000, Right:170850000
04-15 19:04:11 root 223:updating GUI with: 71
04-15 19:04:11 com_github_MitjaNemec_ReplicateLayout.replicate_layout 1046:Remove bounding box top:99050000, bottom:117495000, Left:120475000, Right:140850000
04-15 19:04:11 root 223:updating GUI with: 85
04-15 19:04:11 com_github_MitjaNemec_ReplicateLayout.replicate_layout 1046:Remove bounding box top:99050000, bottom:116995000, Left:90175000, Right:110850000
04-15 19:04:11 root 218:updating GUI message: 'Replicating footprints'
04-15 19:04:11 root 223:updating GUI with: 0
04-15 19:04:11 com_github_MitjaNemec_ReplicateLayout.replicate_layout 663:Replicating footprints
04-15 19:04:11 com_github_MitjaNemec_ReplicateLayout.replicate_layout 669:Replicating footprints on sheet ['Multiplexed Chargers', 'Charger 1']
04-15 19:04:11 com_github_MitjaNemec_ReplicateLayout.replicate_layout 669:Replicating footprints on sheet ['Multiplexed Chargers', 'Charger 2']
04-15 19:04:11 root 223:updating GUI with: 24
04-15 19:04:11 com_github_MitjaNemec_ReplicateLayout.replicate_layout 669:Replicating footprints on sheet ['Multiplexed Chargers', 'Charger 3']
04-15 19:04:11 com_github_MitjaNemec_ReplicateLayout.replicate_layout 669:Replicating footprints on sheet ['Multiplexed Chargers', 'Charger 4']
04-15 19:04:11 root 223:updating GUI with: 50
04-15 19:04:11 com_github_MitjaNemec_ReplicateLayout.replicate_layout 669:Replicating footprints on sheet ['Multiplexed Chargers', 'Charger 5']
04-15 19:04:11 com_github_MitjaNemec_ReplicateLayout.replicate_layout 669:Replicating footprints on sheet ['Multiplexed Chargers', 'Charger 6']
04-15 19:04:11 root 223:updating GUI with: 75
04-15 19:04:11 com_github_MitjaNemec_ReplicateLayout.replicate_layout 669:Replicating footprints on sheet ['Multiplexed Chargers', 'Charger 7']
04-15 19:04:11 root 223:updating GUI with: 99
04-15 19:04:11 com_github_MitjaNemec_ReplicateLayout.replicate_layout 185:Removing tracks and zones, after footprint placement
04-15 19:04:11 root 218:updating GUI message: 'Removing zones and tracks'
04-15 19:04:11 com_github_MitjaNemec_ReplicateLayout.replicate_layout 1046:Remove bounding box top:73050000, bottom:90215000, Left:75935000, Right:95850000
04-15 19:04:11 root 223:updating GUI with: 14
04-15 19:04:11 com_github_MitjaNemec_ReplicateLayout.replicate_layout 1046:Remove bounding box top:73050000, bottom:90215000, Left:105935000, Right:125850000
04-15 19:04:11 root 223:updating GUI with: 28
04-15 19:04:11 com_github_MitjaNemec_ReplicateLayout.replicate_layout 1046:Remove bounding box top:73050000, bottom:90215000, Left:135935000, Right:155850000
04-15 19:04:11 root 223:updating GUI with: 42
04-15 19:04:11 com_github_MitjaNemec_ReplicateLayout.replicate_layout 1046:Remove bounding box top:73050000, bottom:90215000, Left:165935000, Right:185850000
04-15 19:04:11 root 223:updating GUI with: 57
04-15 19:04:11 com_github_MitjaNemec_ReplicateLayout.replicate_layout 1046:Remove bounding box top:99050000, bottom:116215000, Left:150935000, Right:170850000
04-15 19:04:11 root 223:updating GUI with: 71
04-15 19:04:11 com_github_MitjaNemec_ReplicateLayout.replicate_layout 1046:Remove bounding box top:99050000, bottom:116215000, Left:120935000, Right:140850000
04-15 19:04:11 root 223:updating GUI with: 85
04-15 19:04:11 com_github_MitjaNemec_ReplicateLayout.replicate_layout 1046:Remove bounding box top:99050000, bottom:116215000, Left:90935000, Right:110850000
04-15 19:04:11 root 218:updating GUI message: 'Replicating tracks'
04-15 19:04:11 root 223:updating GUI with: 0
04-15 19:04:11 com_github_MitjaNemec_ReplicateLayout.replicate_layout 829:Replicating tracks
04-15 19:04:11 com_github_MitjaNemec_ReplicateLayout.replicate_layout 835:Replicating tracks on sheet ['Multiplexed Chargers', 'Charger 1']
04-15 19:04:11 com_github_MitjaNemec_ReplicateLayout.replicate_layout 835:Replicating tracks on sheet ['Multiplexed Chargers', 'Charger 2']
04-15 19:04:11 com_github_MitjaNemec_ReplicateLayout.replicate_layout 835:Replicating tracks on sheet ['Multiplexed Chargers', 'Charger 3']
04-15 19:04:11 com_github_MitjaNemec_ReplicateLayout.replicate_layout 835:Replicating tracks on sheet ['Multiplexed Chargers', 'Charger 4']
04-15 19:04:11 root 223:updating GUI with: 43
04-15 19:04:11 com_github_MitjaNemec_ReplicateLayout.replicate_layout 835:Replicating tracks on sheet ['Multiplexed Chargers', 'Charger 5']
04-15 19:04:11 com_github_MitjaNemec_ReplicateLayout.replicate_layout 835:Replicating tracks on sheet ['Multiplexed Chargers', 'Charger 6']
04-15 19:04:11 com_github_MitjaNemec_ReplicateLayout.replicate_layout 835:Replicating tracks on sheet ['Multiplexed Chargers', 'Charger 7']
04-15 19:04:11 root 218:updating GUI message: 'Replicating zones'
04-15 19:04:11 com_github_MitjaNemec_ReplicateLayout.replicate_layout 887:Replicating zones
04-15 19:04:11 com_github_MitjaNemec_ReplicateLayout.replicate_layout 894:Replicating zones on sheet ['Multiplexed Chargers', 'Charger 1']
04-15 19:04:11 root 223:updating GUI with: 4
04-15 19:04:11 com_github_MitjaNemec_ReplicateLayout.replicate_layout 894:Replicating zones on sheet ['Multiplexed Chargers', 'Charger 2']
04-15 19:04:11 root 223:updating GUI with: 28
04-15 19:04:11 com_github_MitjaNemec_ReplicateLayout.replicate_layout 894:Replicating zones on sheet ['Multiplexed Chargers', 'Charger 3']
04-15 19:04:11 com_github_MitjaNemec_ReplicateLayout.replicate_layout 894:Replicating zones on sheet ['Multiplexed Chargers', 'Charger 4']
04-15 19:04:11 root 223:updating GUI with: 57
04-15 19:04:11 com_github_MitjaNemec_ReplicateLayout.replicate_layout 894:Replicating zones on sheet ['Multiplexed Chargers', 'Charger 5']
04-15 19:04:11 com_github_MitjaNemec_ReplicateLayout.replicate_layout 894:Replicating zones on sheet ['Multiplexed Chargers', 'Charger 6']
04-15 19:04:11 root 223:updating GUI with: 85
04-15 19:04:11 com_github_MitjaNemec_ReplicateLayout.replicate_layout 894:Replicating zones on sheet ['Multiplexed Chargers', 'Charger 7']
04-15 19:04:11 root 218:updating GUI message: 'Replicating text'
04-15 19:04:11 com_github_MitjaNemec_ReplicateLayout.replicate_layout 957:Replicating text
04-15 19:04:11 com_github_MitjaNemec_ReplicateLayout.replicate_layout 964:Replicating text on sheet ['Multiplexed Chargers', 'Charger 1']
04-15 19:04:11 com_github_MitjaNemec_ReplicateLayout.replicate_layout 964:Replicating text on sheet ['Multiplexed Chargers', 'Charger 2']
04-15 19:04:11 com_github_MitjaNemec_ReplicateLayout.replicate_layout 964:Replicating text on sheet ['Multiplexed Chargers', 'Charger 3']
04-15 19:04:11 com_github_MitjaNemec_ReplicateLayout.replicate_layout 964:Replicating text on sheet ['Multiplexed Chargers', 'Charger 4']
04-15 19:04:11 com_github_MitjaNemec_ReplicateLayout.replicate_layout 964:Replicating text on sheet ['Multiplexed Chargers', 'Charger 5']
04-15 19:04:11 com_github_MitjaNemec_ReplicateLayout.replicate_layout 964:Replicating text on sheet ['Multiplexed Chargers', 'Charger 6']
04-15 19:04:11 com_github_MitjaNemec_ReplicateLayout.replicate_layout 964:Replicating text on sheet ['Multiplexed Chargers', 'Charger 7']
04-15 19:04:11 root 218:updating GUI message: 'Replicating drawings'
04-15 19:04:11 com_github_MitjaNemec_ReplicateLayout.replicate_layout 997:Replicating drawings
04-15 19:04:11 com_github_MitjaNemec_ReplicateLayout.replicate_layout 1003:Replicating drawings on sheet ['Multiplexed Chargers', 'Charger 1']
04-15 19:04:11 com_github_MitjaNemec_ReplicateLayout.replicate_layout 1003:Replicating drawings on sheet ['Multiplexed Chargers', 'Charger 2']
04-15 19:04:11 com_github_MitjaNemec_ReplicateLayout.replicate_layout 1003:Replicating drawings on sheet ['Multiplexed Chargers', 'Charger 3']
04-15 19:04:11 com_github_MitjaNemec_ReplicateLayout.replicate_layout 1003:Replicating drawings on sheet ['Multiplexed Chargers', 'Charger 4']
04-15 19:04:11 com_github_MitjaNemec_ReplicateLayout.replicate_layout 1003:Replicating drawings on sheet ['Multiplexed Chargers', 'Charger 5']
04-15 19:04:11 com_github_MitjaNemec_ReplicateLayout.replicate_layout 1003:Replicating drawings on sheet ['Multiplexed Chargers', 'Charger 6']
04-15 19:04:11 com_github_MitjaNemec_ReplicateLayout.replicate_layout 1003:Replicating drawings on sheet ['Multiplexed Chargers', 'Charger 7']
04-15 19:04:11 root 218:updating GUI message: 'Removing duplicates'
04-15 19:04:11 com_github_MitjaNemec_ReplicateLayout.action_replicate_layout 152:Replication complete
