08-02 16:48:44 com_github_MitjaNemec_ReplicateLayout.action_replicate_layout 278:Plugin executed on: 'win32'
08-02 16:48:44 com_github_MitjaNemec_ReplicateLayout.action_replicate_layout 279:Plugin executed with python version: '3.9.6 (default, Sep 27 2021, 21:15:11) [MSC v.1929 64 bit (AMD64)]'
08-02 16:48:44 com_github_MitjaNemec_ReplicateLayout.action_replicate_layout 280:KiCad build version: (6.0.1)
08-02 16:48:44 com_github_MitjaNemec_ReplicateLayout.action_replicate_layout 281:Plugin version: 1.1.0
08-02 16:48:44 com_github_MitjaNemec_ReplicateLayout.action_replicate_layout 282:Frame repr: <wx._core.Frame object at 0x0000026E3B148D30>
08-02 16:48:44 com_github_MitjaNemec_ReplicateLayout.action_replicate_layout 301:Preparing replicator with J12 as a reference
08-02 16:48:44 com_github_MitjaNemec_ReplicateLayout.replicate_layout 98:getting a list of all footprints on board
08-02 16:48:44 com_github_MitjaNemec_ReplicateLayout.action_replicate_layout 329:source anchor footprint is 'J12'
Located on: ['Multiplexed Chargers', 'Charger 1']
With filenames: ['multiplexed_chargers.kicad_sch', 'Charger1.kicad_sch']
With sheet_id:['Multiplexed Chargers', 'Charger 1']
08-02 16:48:44 com_github_MitjaNemec_ReplicateLayout.action_replicate_layout 336:Corresponding footprints are 
[('J15', ['Multiplexed Chargers', 'Charger 6']), ('J21', ['Multiplexed Chargers', 'Charger 8']), ('J26', ['Multiplexed Chargers', 'Charger 5']), ('J3', ['Multiplexed Chargers', 'Charger 2']), ('J6', ['Multiplexed Chargers', 'Charger 3']), ('J12', ['Multiplexed Chargers', 'Charger 1']), ('J9', ['Multiplexed Chargers', 'Charger 4']), ('J18', ['Multiplexed Chargers', 'Charger 7'])]
08-02 16:48:44 com_github_MitjaNemec_ReplicateLayout.action_replicate_layout 348:Showing dialog
08-02 16:48:44 com_github_MitjaNemec_ReplicateLayout.action_replicate_layout 354:Toolbar position: wx.Point(3219, 125)
08-02 16:48:44 com_github_MitjaNemec_ReplicateLayout.action_replicate_layout 360:Dialog position: wx.Point(2855, 125)
08-02 16:48:45 com_github_MitjaNemec_ReplicateLayout.replicate_layout 329:constructing a list of sheets suitable for replication on level:'Charger 1', file:'Charger1.kicad_sch'
08-02 16:48:45 com_github_MitjaNemec_ReplicateLayout.replicate_layout 366:suitable sheets are:[['Multiplexed Chargers', 'Charger 2'], ['Multiplexed Chargers', 'Charger 3'], ['Multiplexed Chargers', 'Charger 4'], ['Multiplexed Chargers', 'Charger 5'], ['Multiplexed Chargers', 'Charger 6'], ['Multiplexed Chargers', 'Charger 7'], ['Multiplexed Chargers', 'Charger 8']]
08-02 16:48:53 com_github_MitjaNemec_ReplicateLayout.replicate_layout 329:constructing a list of sheets suitable for replication on level:'Charger 1', file:'Charger1.kicad_sch'
08-02 16:48:53 com_github_MitjaNemec_ReplicateLayout.replicate_layout 366:suitable sheets are:[['Multiplexed Chargers', 'Charger 2'], ['Multiplexed Chargers', 'Charger 3'], ['Multiplexed Chargers', 'Charger 4'], ['Multiplexed Chargers', 'Charger 5'], ['Multiplexed Chargers', 'Charger 6'], ['Multiplexed Chargers', 'Charger 7'], ['Multiplexed Chargers', 'Charger 8']]
08-02 16:48:53 com_github_MitjaNemec_ReplicateLayout.action_replicate_layout 128:Replicating layout
08-02 16:48:53 com_github_MitjaNemec_ReplicateLayout.replicate_layout 146:Starting replication of sheets: [['Multiplexed Chargers', 'Charger 2'], ['Multiplexed Chargers', 'Charger 3'], ['Multiplexed Chargers', 'Charger 4'], ['Multiplexed Chargers', 'Charger 5'], ['Multiplexed Chargers', 'Charger 6'], ['Multiplexed Chargers', 'Charger 7'], ['Multiplexed Chargers', 'Charger 8']]
on level: ['Multiplexed Chargers', 'Charger 1']
with tracks=True, zone=True, text=True, containing=True, remove=True, locked=True, by_group=False
08-02 16:48:53 root 218:updating GUI message: 'Preparing for replication'
08-02 16:48:53 root 223:updating GUI with: 0
08-02 16:48:53 com_github_MitjaNemec_ReplicateLayout.replicate_layout 215:Getting the list of source footprints
08-02 16:48:53 com_github_MitjaNemec_ReplicateLayout.replicate_layout 230:Getting the list of all the remaining footprints
08-02 16:48:53 com_github_MitjaNemec_ReplicateLayout.replicate_layout 235:Getting nets local to source footprints
08-02 16:48:53 com_github_MitjaNemec_ReplicateLayout.replicate_layout 238:Getting source bounding box
08-02 16:48:53 com_github_MitjaNemec_ReplicateLayout.replicate_layout 242:Getting source tracks
08-02 16:48:53 com_github_MitjaNemec_ReplicateLayout.replicate_layout 251:Getting source zones
08-02 16:48:53 com_github_MitjaNemec_ReplicateLayout.replicate_layout 260:Getting source text items
08-02 16:48:53 com_github_MitjaNemec_ReplicateLayout.replicate_layout 269:Getting source drawing items
08-02 16:48:53 root 223:updating GUI with: 87
08-02 16:48:53 com_github_MitjaNemec_ReplicateLayout.replicate_layout 177:Removing tracks and zones, before footprint placement
08-02 16:48:53 root 218:updating GUI message: 'Removing zones and tracks'
08-02 16:48:53 com_github_MitjaNemec_ReplicateLayout.replicate_layout 1046:Remove bounding box top:73050000, bottom:89150000, Left:105935000, Right:125850000
08-02 16:48:53 root 223:updating GUI with: 14
08-02 16:48:53 com_github_MitjaNemec_ReplicateLayout.replicate_layout 1046:Remove bounding box top:73050000, bottom:89150000, Left:135935000, Right:155850000
08-02 16:48:53 root 223:updating GUI with: 28
08-02 16:48:53 com_github_MitjaNemec_ReplicateLayout.replicate_layout 1046:Remove bounding box top:73050000, bottom:89725000, Left:165935000, Right:185850000
08-02 16:48:53 root 223:updating GUI with: 42
08-02 16:48:53 com_github_MitjaNemec_ReplicateLayout.replicate_layout 1046:Remove bounding box top:99050000, bottom:115150000, Left:150935000, Right:170850000
08-02 16:48:53 root 223:updating GUI with: 57
08-02 16:48:53 com_github_MitjaNemec_ReplicateLayout.replicate_layout 1046:Remove bounding box top:99050000, bottom:115150000, Left:120935000, Right:140850000
08-02 16:48:53 root 223:updating GUI with: 71
08-02 16:48:53 com_github_MitjaNemec_ReplicateLayout.replicate_layout 1046:Remove bounding box top:99050000, bottom:115150000, Left:90935000, Right:110850000
08-02 16:48:53 root 223:updating GUI with: 85
08-02 16:48:53 com_github_MitjaNemec_ReplicateLayout.replicate_layout 1046:Remove bounding box top:99040000, bottom:115140000, Left:60925000, Right:80840000
08-02 16:48:53 root 218:updating GUI message: 'Replicating footprints'
08-02 16:48:53 root 223:updating GUI with: 0
08-02 16:48:53 com_github_MitjaNemec_ReplicateLayout.replicate_layout 663:Replicating footprints
08-02 16:48:53 com_github_MitjaNemec_ReplicateLayout.replicate_layout 669:Replicating footprints on sheet ['Multiplexed Chargers', 'Charger 2']
08-02 16:48:53 com_github_MitjaNemec_ReplicateLayout.replicate_layout 669:Replicating footprints on sheet ['Multiplexed Chargers', 'Charger 3']
08-02 16:48:53 com_github_MitjaNemec_ReplicateLayout.replicate_layout 669:Replicating footprints on sheet ['Multiplexed Chargers', 'Charger 4']
08-02 16:48:53 com_github_MitjaNemec_ReplicateLayout.replicate_layout 669:Replicating footprints on sheet ['Multiplexed Chargers', 'Charger 5']
08-02 16:48:53 com_github_MitjaNemec_ReplicateLayout.replicate_layout 669:Replicating footprints on sheet ['Multiplexed Chargers', 'Charger 6']
08-02 16:48:53 com_github_MitjaNemec_ReplicateLayout.replicate_layout 669:Replicating footprints on sheet ['Multiplexed Chargers', 'Charger 7']
08-02 16:48:53 root 223:updating GUI with: 78
08-02 16:48:53 com_github_MitjaNemec_ReplicateLayout.replicate_layout 669:Replicating footprints on sheet ['Multiplexed Chargers', 'Charger 8']
08-02 16:48:53 com_github_MitjaNemec_ReplicateLayout.replicate_layout 185:Removing tracks and zones, after footprint placement
08-02 16:48:53 root 218:updating GUI message: 'Removing zones and tracks'
08-02 16:48:53 com_github_MitjaNemec_ReplicateLayout.replicate_layout 1046:Remove bounding box top:73050000, bottom:89150000, Left:105935000, Right:125850000
08-02 16:48:53 root 223:updating GUI with: 14
08-02 16:48:53 com_github_MitjaNemec_ReplicateLayout.replicate_layout 1046:Remove bounding box top:73050000, bottom:89150000, Left:135935000, Right:155850000
08-02 16:48:53 root 223:updating GUI with: 28
08-02 16:48:53 com_github_MitjaNemec_ReplicateLayout.replicate_layout 1046:Remove bounding box top:73050000, bottom:89150000, Left:165935000, Right:185850000
08-02 16:48:54 com_github_MitjaNemec_ReplicateLayout.replicate_layout 1046:Remove bounding box top:99050000, bottom:115150000, Left:150935000, Right:170850000
08-02 16:48:54 root 223:updating GUI with: 57
08-02 16:48:54 com_github_MitjaNemec_ReplicateLayout.replicate_layout 1046:Remove bounding box top:99050000, bottom:115150000, Left:120935000, Right:140850000
08-02 16:48:54 root 223:updating GUI with: 71
08-02 16:48:54 com_github_MitjaNemec_ReplicateLayout.replicate_layout 1046:Remove bounding box top:99050000, bottom:115150000, Left:90935000, Right:110850000
08-02 16:48:54 com_github_MitjaNemec_ReplicateLayout.replicate_layout 1046:Remove bounding box top:99040000, bottom:115140000, Left:60925000, Right:80840000
08-02 16:48:54 root 218:updating GUI message: 'Replicating tracks'
08-02 16:48:54 root 223:updating GUI with: 0
08-02 16:48:54 com_github_MitjaNemec_ReplicateLayout.replicate_layout 829:Replicating tracks
08-02 16:48:54 com_github_MitjaNemec_ReplicateLayout.replicate_layout 835:Replicating tracks on sheet ['Multiplexed Chargers', 'Charger 2']
08-02 16:48:54 com_github_MitjaNemec_ReplicateLayout.replicate_layout 835:Replicating tracks on sheet ['Multiplexed Chargers', 'Charger 3']
08-02 16:48:54 com_github_MitjaNemec_ReplicateLayout.replicate_layout 835:Replicating tracks on sheet ['Multiplexed Chargers', 'Charger 4']
08-02 16:48:54 com_github_MitjaNemec_ReplicateLayout.replicate_layout 835:Replicating tracks on sheet ['Multiplexed Chargers', 'Charger 5']
08-02 16:48:54 com_github_MitjaNemec_ReplicateLayout.replicate_layout 835:Replicating tracks on sheet ['Multiplexed Chargers', 'Charger 6']
08-02 16:48:54 com_github_MitjaNemec_ReplicateLayout.replicate_layout 835:Replicating tracks on sheet ['Multiplexed Chargers', 'Charger 7']
08-02 16:48:54 com_github_MitjaNemec_ReplicateLayout.replicate_layout 835:Replicating tracks on sheet ['Multiplexed Chargers', 'Charger 8']
08-02 16:48:54 root 218:updating GUI message: 'Replicating zones'
08-02 16:48:54 com_github_MitjaNemec_ReplicateLayout.replicate_layout 887:Replicating zones
08-02 16:48:54 com_github_MitjaNemec_ReplicateLayout.replicate_layout 894:Replicating zones on sheet ['Multiplexed Chargers', 'Charger 2']
08-02 16:48:54 com_github_MitjaNemec_ReplicateLayout.replicate_layout 894:Replicating zones on sheet ['Multiplexed Chargers', 'Charger 3']
08-02 16:48:54 com_github_MitjaNemec_ReplicateLayout.replicate_layout 894:Replicating zones on sheet ['Multiplexed Chargers', 'Charger 4']
08-02 16:48:54 com_github_MitjaNemec_ReplicateLayout.replicate_layout 894:Replicating zones on sheet ['Multiplexed Chargers', 'Charger 5']
08-02 16:48:54 com_github_MitjaNemec_ReplicateLayout.replicate_layout 894:Replicating zones on sheet ['Multiplexed Chargers', 'Charger 6']
08-02 16:48:54 root 223:updating GUI with: 61
08-02 16:48:54 com_github_MitjaNemec_ReplicateLayout.replicate_layout 894:Replicating zones on sheet ['Multiplexed Chargers', 'Charger 7']
08-02 16:48:54 com_github_MitjaNemec_ReplicateLayout.replicate_layout 894:Replicating zones on sheet ['Multiplexed Chargers', 'Charger 8']
08-02 16:48:54 root 218:updating GUI message: 'Replicating text'
08-02 16:48:54 com_github_MitjaNemec_ReplicateLayout.replicate_layout 957:Replicating text
08-02 16:48:54 com_github_MitjaNemec_ReplicateLayout.replicate_layout 964:Replicating text on sheet ['Multiplexed Chargers', 'Charger 2']
08-02 16:48:54 com_github_MitjaNemec_ReplicateLayout.replicate_layout 964:Replicating text on sheet ['Multiplexed Chargers', 'Charger 3']
08-02 16:48:54 com_github_MitjaNemec_ReplicateLayout.replicate_layout 964:Replicating text on sheet ['Multiplexed Chargers', 'Charger 4']
08-02 16:48:54 com_github_MitjaNemec_ReplicateLayout.replicate_layout 964:Replicating text on sheet ['Multiplexed Chargers', 'Charger 5']
08-02 16:48:54 com_github_MitjaNemec_ReplicateLayout.replicate_layout 964:Replicating text on sheet ['Multiplexed Chargers', 'Charger 6']
08-02 16:48:54 com_github_MitjaNemec_ReplicateLayout.replicate_layout 964:Replicating text on sheet ['Multiplexed Chargers', 'Charger 7']
08-02 16:48:54 com_github_MitjaNemec_ReplicateLayout.replicate_layout 964:Replicating text on sheet ['Multiplexed Chargers', 'Charger 8']
08-02 16:48:54 root 218:updating GUI message: 'Replicating drawings'
08-02 16:48:54 com_github_MitjaNemec_ReplicateLayout.replicate_layout 997:Replicating drawings
08-02 16:48:54 com_github_MitjaNemec_ReplicateLayout.replicate_layout 1003:Replicating drawings on sheet ['Multiplexed Chargers', 'Charger 2']
08-02 16:48:54 com_github_MitjaNemec_ReplicateLayout.replicate_layout 1003:Replicating drawings on sheet ['Multiplexed Chargers', 'Charger 3']
08-02 16:48:54 com_github_MitjaNemec_ReplicateLayout.replicate_layout 1003:Replicating drawings on sheet ['Multiplexed Chargers', 'Charger 4']
08-02 16:48:54 com_github_MitjaNemec_ReplicateLayout.replicate_layout 1003:Replicating drawings on sheet ['Multiplexed Chargers', 'Charger 5']
08-02 16:48:54 com_github_MitjaNemec_ReplicateLayout.replicate_layout 1003:Replicating drawings on sheet ['Multiplexed Chargers', 'Charger 6']
08-02 16:48:54 com_github_MitjaNemec_ReplicateLayout.replicate_layout 1003:Replicating drawings on sheet ['Multiplexed Chargers', 'Charger 7']
08-02 16:48:54 com_github_MitjaNemec_ReplicateLayout.replicate_layout 1003:Replicating drawings on sheet ['Multiplexed Chargers', 'Charger 8']
08-02 16:48:54 root 218:updating GUI message: 'Removing duplicates'
08-02 16:48:54 com_github_MitjaNemec_ReplicateLayout.action_replicate_layout 152:Replication complete
